Using cached PDBe data
Resolution 1.0 to 1.5 90th R-free percentile: 0.177
Resolution 1.1 to 1.6 90th R-free percentile: 0.177
Resolution 1.2 to 1.7 90th R-free percentile: 0.177
Resolution 1.3 to 1.8 90th R-free percentile: 0.187
Resolution 1.4 to 1.9 90th R-free percentile: 0.187
Resolution 1.5 to 2.0 90th R-free percentile: 0.187
Resolution 1.6 to 2.1 90th R-free percentile: 0.215
Resolution 1.7 to 2.2 90th R-free percentile: 0.215
Resolution 1.8 to 2.3 90th R-free percentile: 0.215
Resolution 1.9 to 2.4 90th R-free percentile: 0.215
Resolution 2.0 to 2.5 90th R-free percentile: 0.216
Resolution 2.1 to 2.6 90th R-free percentile: 0.201
Resolution 2.2 to 2.7 90th R-free percentile: 0.201
Resolution 2.3 to 2.8 90th R-free percentile: 0.201
Resolution 2.4 to 2.9 90th R-free percentile: 0.201
Resolution 2.5 to 3.0 90th R-free percentile: 0.201
Resolution 2.6 to 3.1 90th R-free percentile: 0.285
Resolution 2.7 to 3.2 90th R-free percentile: 0.284
Resolution 2.8 to 3.3 90th R-free percentile: 0.284
Resolution 2.9 to 3.4 90th R-free percentile: 0.284
Resolution 3.0 to 3.5 90th R-free percentile: 0.242
Linear Model
R2: 0.634417333256966
Intercept: 0.10963852813852817
Slope: [0.04761039]
Removed 20 entries for the following reasons:
High R-free value for the resolution (13)
R-free value of -999 (3)
Data completeness below 90% (2)
Refmac XML does not exist (1)
Reported resolution different to refinement resolution (1)
